<?xml version="1.0" encoding="UTF-8"?>
<!-- Generated by org.testng.reporters.JUnitXMLReporter -->
<testsuite ignored="0" hostname="IN-FVFYH0FSHV2D.local" failures="0" tests="4" name="Test1" time="83.194" errors="0" timestamp="2023-07-05T20:28:27 IST">
  <testcase classname="com.flipkart.automation.tests.SortProductTest" name="sortProductTest" time="5.866"/>
  <testcase classname="com.flipkart.automation.tests.SortProductTest" name="sortProductTest" time="5.131"/>
  <testcase classname="com.flipkart.automation.tests.AddProductToCartTest" name="addProductToCart" time="50.772"/>
  <testcase classname="com.flipkart.automation.tests.AddProductToCartTest" name="addProductToCart" time="6.787"/>
</testsuite> <!-- Test1 -->
