<?xml version="1.0" encoding="UTF-8"?>
<!-- Generated by org.testng.reporters.JUnitXMLReporter -->
<testsuite ignored="1" hostname="IN-FVFYH0FSHV2D.local" failures="0" tests="4" name="Test1" time="76.35" errors="0" timestamp="2023-07-05T22:53:41 IST">
  <testcase classname="com.flipkart.automation.tests.AddProductToCartTest" name="addProductToCart" time="9.804"/>
  <testcase classname="com.flipkart.automation.tests.AddProductToCartTest" name="addProductToCart" time="10.257"/>
  <testcase classname="com.flipkart.automation.tests.SortProductTest" name="sortProductTest" time="48.609"/>
  <testcase classname="com.flipkart.automation.tests.SortProductTest" name="sortProductTest" time="4.716"/>
  <testcase classname="com.flipkart.automation.tests.BaseTest" name="@AfterSuite quitBrowser" time="0.0">
    <ignored/>
  </testcase> <!-- @AfterSuite quitBrowser -->
</testsuite> <!-- Test1 -->
