<?xml version="1.0" encoding="UTF-8"?>
<!-- Generated by org.testng.reporters.JUnitXMLReporter -->
<testsuite ignored="1" hostname="IN-FVFYH0FSHV2D.local" failures="0" tests="4" name="Test1" time="53.391" errors="0" timestamp="2023-07-05T22:48:31 IST">
  <testcase classname="com.flipkart.automation.tests.SortProductTest" name="sortProductTest" time="9.162"/>
  <testcase classname="com.flipkart.automation.tests.AddProductToCartTest" name="addProductToCart" time="12.708"/>
  <testcase classname="com.flipkart.automation.tests.SortProductTest" name="sortProductTest" time="8.806"/>
  <testcase classname="com.flipkart.automation.tests.AddProductToCartTest" name="addProductToCart" time="9.202"/>
  <testcase classname="com.flipkart.automation.tests.BaseTest" name="@AfterSuite quitBrowser" time="0.0">
    <ignored/>
  </testcase> <!-- @AfterSuite quitBrowser -->
</testsuite> <!-- Test1 -->
