<?xml version="1.0" encoding="UTF-8"?>
<!-- Generated by org.testng.reporters.JUnitXMLReporter -->
<testsuite ignored="1" hostname="IN-FVFYH0FSHV2D.local" failures="0" tests="2" name="Test1" time="36.33" errors="0" timestamp="2023-06-28T14:35:59 IST">
  <testcase classname="com.flipkart.automation.tests.AddProductToCartTest" name="addProductToCart" time="7.487"/>
  <testcase classname="com.flipkart.automation.tests.SearchProductTest" name="searchProductTest" time="24.799"/>
  <testcase classname="com.flipkart.automation.tests.BaseTest" name="@AfterSuite tearDown" time="0.0">
    <ignored/>
  </testcase> <!-- @AfterSuite tearDown -->
</testsuite> <!-- Test1 -->
