<?xml version="1.0" encoding="UTF-8"?>
<testng-results ignored="0" total="4" passed="4" failed="0" skipped="0">
  <reporter-output>
  </reporter-output>
  <suite started-at="2023-07-05T22:47:37 IST" name="Flipkart Automation Suite" finished-at="2023-07-05T22:48:30 IST" duration-ms="53391">
    <groups>
      <group name="CartTestCases">
        <method signature="AddProductToCartTest.addProductToCart(java.util.HashMap)[pri:0, instance:com.flipkart.automation.tests.AddProductToCartTest@1b7c473a]" name="addProductToCart" class="com.flipkart.automation.tests.AddProductToCartTest"/>
      </group> <!-- CartTestCases -->
    </groups>
    <test started-at="2023-07-05T22:47:37 IST" name="Test1" finished-at="2023-07-05T22:48:30 IST" duration-ms="53391">
      <class name="com.flipkart.automation.tests.SortProductTest">
        <test-method is-config="true" signature="launchApplication()[pri:0, instance:com.flipkart.automation.tests.SortProductTest@24111ef1]" started-at="2023-07-05T22:47:38 IST" name="launchApplication" finished-at="2023-07-05T22:47:52 IST" duration-ms="13699" status="PASS">
          <reporter-output>
          </reporter-output>
        </test-method> <!-- launchApplication -->
        <test-method signature="sortProductTest(java.lang.String)[pri:0, instance:com.flipkart.automation.tests.SortProductTest@24111ef1]" started-at="2023-07-05T22:47:52 IST" name="sortProductTest" data-provider="excelData" finished-at="2023-07-05T22:48:01 IST" duration-ms="9162" status="PASS">
          <params>
            <param index="0">
              <value>
                <![CDATA[Mobile Phone]]>
              </value>
            </param>
          </params>
          <reporter-output>
          </reporter-output>
        </test-method> <!-- sortProductTest -->
        <test-method is-config="true" signature="closeBrowser()[pri:0, instance:com.flipkart.automation.tests.SortProductTest@24111ef1]" started-at="2023-07-05T22:48:01 IST" name="closeBrowser" finished-at="2023-07-05T22:48:02 IST" duration-ms="275" status="PASS">
          <reporter-output>
          </reporter-output>
        </test-method> <!-- closeBrowser -->
        <test-method is-config="true" signature="launchApplication()[pri:0, instance:com.flipkart.automation.tests.SortProductTest@24111ef1]" started-at="2023-07-05T22:48:02 IST" name="launchApplication" finished-at="2023-07-05T22:48:14 IST" duration-ms="12262" status="PASS">
          <reporter-output>
          </reporter-output>
        </test-method> <!-- launchApplication -->
        <test-method signature="sortProductTest(java.lang.String)[pri:0, instance:com.flipkart.automation.tests.SortProductTest@24111ef1]" started-at="2023-07-05T22:48:14 IST" name="sortProductTest" data-provider="excelData" finished-at="2023-07-05T22:48:23 IST" duration-ms="8806" status="PASS">
          <params>
            <param index="0">
              <value>
                <![CDATA[Smart TV]]>
              </value>
            </param>
          </params>
          <reporter-output>
          </reporter-output>
        </test-method> <!-- sortProductTest -->
        <test-method is-config="true" signature="closeBrowser()[pri:0, instance:com.flipkart.automation.tests.SortProductTest@24111ef1]" started-at="2023-07-05T22:48:23 IST" name="closeBrowser" finished-at="2023-07-05T22:48:23 IST" duration-ms="260" status="PASS">
          <reporter-output>
          </reporter-output>
        </test-method> <!-- closeBrowser -->
      </class> <!-- com.flipkart.automation.tests.SortProductTest -->
      <class name="com.flipkart.automation.tests.AddProductToCartTest">
        <test-method is-config="true" signature="launchApplication()[pri:0, instance:com.flipkart.automation.tests.AddProductToCartTest@1b7c473a]" started-at="2023-07-05T22:47:37 IST" name="launchApplication" finished-at="2023-07-05T22:47:54 IST" duration-ms="17146" status="PASS">
          <reporter-output>
          </reporter-output>
        </test-method> <!-- launchApplication -->
        <test-method signature="addProductToCart(java.util.HashMap)[pri:0, instance:com.flipkart.automation.tests.AddProductToCartTest@1b7c473a]" started-at="2023-07-05T22:47:54 IST" name="addProductToCart" data-provider="jsonData" finished-at="2023-07-05T22:48:07 IST" duration-ms="12708" status="PASS">
          <params>
            <param index="0">
              <value>
                <![CDATA[{productName=Mobile Phone}]]>
              </value>
            </param>
          </params>
          <reporter-output>
          </reporter-output>
        </test-method> <!-- addProductToCart -->
        <test-method is-config="true" signature="closeBrowser()[pri:0, instance:com.flipkart.automation.tests.AddProductToCartTest@1b7c473a]" started-at="2023-07-05T22:48:07 IST" name="closeBrowser" finished-at="2023-07-05T22:48:07 IST" duration-ms="113" status="PASS">
          <reporter-output>
          </reporter-output>
        </test-method> <!-- closeBrowser -->
        <test-method is-config="true" signature="launchApplication()[pri:0, instance:com.flipkart.automation.tests.AddProductToCartTest@1b7c473a]" started-at="2023-07-05T22:48:07 IST" name="launchApplication" finished-at="2023-07-05T22:48:21 IST" duration-ms="13464" status="PASS">
          <reporter-output>
          </reporter-output>
        </test-method> <!-- launchApplication -->
        <test-method signature="addProductToCart(java.util.HashMap)[pri:0, instance:com.flipkart.automation.tests.AddProductToCartTest@1b7c473a]" started-at="2023-07-05T22:48:21 IST" name="addProductToCart" data-provider="jsonData" finished-at="2023-07-05T22:48:30 IST" duration-ms="9202" status="PASS">
          <params>
            <param index="0">
              <value>
                <![CDATA[{productName=Smart TV}]]>
              </value>
            </param>
          </params>
          <reporter-output>
          </reporter-output>
        </test-method> <!-- addProductToCart -->
        <test-method is-config="true" signature="closeBrowser()[pri:0, instance:com.flipkart.automation.tests.AddProductToCartTest@1b7c473a]" started-at="2023-07-05T22:48:30 IST" name="closeBrowser" finished-at="2023-07-05T22:48:30 IST" duration-ms="61" status="PASS">
          <reporter-output>
          </reporter-output>
        </test-method> <!-- closeBrowser -->
        <test-method is-config="true" signature="quitBrowser()[pri:0, instance:com.flipkart.automation.tests.AddProductToCartTest@1b7c473a]" started-at="2023-07-05T22:48:31 IST" name="quitBrowser" finished-at="2023-07-05T22:48:31 IST" duration-ms="529" status="PASS">
          <reporter-output>
          </reporter-output>
        </test-method> <!-- quitBrowser -->
      </class> <!-- com.flipkart.automation.tests.AddProductToCartTest -->
    </test> <!-- Test1 -->
  </suite> <!-- Flipkart Automation Suite -->
</testng-results>
