<?xml version="1.0" encoding="UTF-8"?>
<testsuite xmlns:xsi="http://www.w3.org/2001/XMLSchema-instance" xsi:noNamespaceSchemaLocation="https://maven.apache.org/surefire/maven-surefire-plugin/xsd/surefire-test-report-3.0.xsd" version="3.0" name="TestSuite" time="56.736" tests="4" errors="0" skipped="0" failures="0">
  <properties>
[...]
</properties>
  <testcase name="sortProductTest[Mobile Phone](1)" classname="com.flipkart.automation.tests.SortProductTest" time="6.891">
    <system-err><![CDATA[SLF4J: Failed to load class "org.slf4j.impl.StaticLoggerBinder".
SLF4J: Defaulting to no-operation (NOP) logger implementation
SLF4J: See http://www.slf4j.org/codes.html#StaticLoggerBinder for further details.
Starting ChromeDriver 114.0.5735.90 (386bc09e8f4f2e025eddae1S2t3afr36tfi6n2g6 3C0h9r6oame4e9D-rreifvse/rb r1a1n4c.h-0h.e57a3ds5/.59703 5(@3{8#61b0c5029}e)8f 4ofn2 pe025eddae123f36of6r2t6 53009068a
eO4n9l-y rlefocs/abrla nccohn-nheeadcst/i5o7n3s 5@{#a1r0e5 2a}l)l oon wpeodrt. 
3P8lea9s5e9 
sOenel yh tltopcsa:l/ /ccohnrnoemedriver.ccthiroonmsiu m.aorreg /aslelcouwreidt.y
-Pclonesiadseer asteieo nhst ftposr: /s/ucghgresotmieodnrsi voenr .kceherpoimnigu mC.org/security-considerations for hrsoumgegDersitiovner safes .o
n kCeherpiongm eChDrroimveer was sDtartrediv ser usccafeses.
fuClhlry.om
eDriver was started successfully.
Jul 05, 2023 10:47:44 PM org.openqa.selenium.devtools.CdpVersionFinder findNearestMatch
WARNING: Unable to find an exact match for CDP version 114, so returning the closest version found: 112
Jul 05, 2023 10:47:44 PM org.openqa.selenium.devtools.CdpVersionFinder findNearestMatch
WARNING: Unable to find an exact match for CDP version 114, so returning the closest version found: 112
]]></system-err>
  </testcase>
  <testcase name="sortProductTest[Smart TV](2)" classname="com.flipkart.automation.tests.SortProductTest" time="1.941">
    <system-err><![CDATA[Starting ChromeDriver 114.0.5735.90 (386bc09e8f4f2e025eddae123f36f6263096ae49-refs/branch-heads/5735@{#1052}) on port 43821
Only local connections are allowed.
Please see https://chromedriver.chromium.org/security-considerations for suggestions on keeping ChromeDriver safe.
ChromeDriver was started successfully.
Jul 05, 2023 10:48:13 PM org.openqa.selenium.devtools.CdpVersionFinder findNearestMatch
WARNING: Unable to find an exact match for CDP version 114, so returning the closest version found: 112
]]></system-err>
  </testcase>
  <testcase name="addProductToCart[{productName=Mobile Phone}](1)" classname="com.flipkart.automation.tests.AddProductToCartTest" time="12.709">
    <system-err><![CDATA[Starting ChromeDriver 114.0.5735.90 (386bc09e8f4f2e025eddae123f36f6263096ae49-refs/branch-heads/5735@{#1052}) on port 5767
Only local connections are allowed.
Please see https://chromedriver.chromium.org/security-considerations for suggestions on keeping ChromeDriver safe.
ChromeDriver was started successfully.
Jul 05, 2023 10:48:06 PM org.openqa.selenium.devtools.CdpVersionFinder findNearestMatch
WARNING: Unable to find an exact match for CDP version 114, so returning the closest version found: 112
]]></system-err>
  </testcase>
  <testcase name="addProductToCart[{productName=Smart TV}](2)" classname="com.flipkart.automation.tests.AddProductToCartTest" time="9.201"/>
</testsuite>