<?xml version="1.0" encoding="UTF-8"?>
<testng-results ignored="0" total="1" passed="1" failed="0" skipped="0">
  <reporter-output>
  </reporter-output>
  <suite started-at="2023-08-07T00:19:46 IST" name="Default suite" finished-at="2023-08-07T00:20:37 IST" duration-ms="51196">
    <groups>
    </groups>
    <test started-at="2023-08-07T00:19:46 IST" name="Default test" finished-at="2023-08-07T00:20:37 IST" duration-ms="51196">
      <class name="com.flipkart.automation.tests.SearchProductTest">
        <test-method is-config="true" signature="launchApplication()[pri:0, instance:com.flipkart.automation.tests.SearchProductTest@5f59185e]" started-at="2023-08-07T00:19:46 IST" name="launchApplication" finished-at="2023-08-07T00:20:11 IST" duration-ms="25009" status="PASS">
          <reporter-output>
          </reporter-output>
        </test-method> <!-- launchApplication -->
        <test-method signature="searchProductTest()[pri:0, instance:com.flipkart.automation.tests.SearchProductTest@5f59185e]" started-at="2023-08-07T00:20:11 IST" name="searchProductTest" finished-at="2023-08-07T00:20:36 IST" duration-ms="24916" status="PASS">
          <reporter-output>
          </reporter-output>
        </test-method> <!-- searchProductTest -->
        <test-method is-config="true" signature="closeBrowser()[pri:0, instance:com.flipkart.automation.tests.SearchProductTest@5f59185e]" started-at="2023-08-07T00:20:36 IST" name="closeBrowser" finished-at="2023-08-07T00:20:37 IST" duration-ms="920" status="PASS">
          <reporter-output>
          </reporter-output>
        </test-method> <!-- closeBrowser -->
        <test-method is-config="true" signature="closeBrowsers()[pri:0, instance:com.flipkart.automation.tests.SearchProductTest@5f59185e]" started-at="2023-08-07T00:20:37 IST" name="closeBrowsers" finished-at="2023-08-07T00:20:37 IST" duration-ms="236" status="PASS">
          <reporter-output>
          </reporter-output>
        </test-method> <!-- closeBrowsers -->
        <test-method is-config="true" signature="quitBrowser()[pri:0, instance:com.flipkart.automation.tests.SearchProductTest@5f59185e]" started-at="2023-08-07T00:20:37 IST" name="quitBrowser" finished-at="2023-08-07T00:20:37 IST" duration-ms="15" status="PASS">
          <reporter-output>
          </reporter-output>
        </test-method> <!-- quitBrowser -->
      </class> <!-- com.flipkart.automation.tests.SearchProductTest -->
    </test> <!-- Default test -->
  </suite> <!-- Default suite -->
</testng-results>
